#
# There is insufficient memory for the Java Runtime Environment to continue.
# Native memory allocation (mmap) failed to map 65536 bytes for Failed to commit metaspace.
# Possible reasons:
#   The system is out of physical RAM or swap space
#   The process is running with CompressedOops enabled, and the Java Heap may be blocking the growth of the native heap
# Possible solutions:
#   Reduce memory load on the system
#   Increase physical memory or swap space
#   Check if swap backing store is full
#   Decrease Java heap size (-Xmx/-Xms)
#   Decrease number of Java threads
#   Decrease Java thread stack sizes (-Xss)
#   Set larger code cache with -XX:ReservedCodeCacheSize=
#   JVM is running with Unscaled Compressed Oops mode in which the Java heap is
#     placed in the first 4GB address space. The Java Heap base address is the
#     maximum limit for the native heap growth. Please use -XX:HeapBaseMinAddress
#     to set the Java Heap base and to place the Java Heap above 4GB virtual address.
# This output file may be truncated or incomplete.
#
#  Out of Memory Error (virtualSpaceNode.cpp:110), pid=10752, tid=18256
#
# JRE version: Java(TM) SE Runtime Environment (17.0.10+11) (build 17.0.10+11-LTS-240)
# Java VM: Java HotSpot(TM) 64-Bit Server VM (17.0.10+11-LTS-240, mixed mode, emulated-client, sharing, tiered, compressed oops, compressed class ptrs, g1 gc, windows-amd64)
# No core dump will be written. Minidumps are not enabled by default on client versions of Windows
#

---------------  S U M M A R Y ------------

Command Line: -Dcom.sun.management.jmxremote -Dcom.sun.management.jmxremote.port=55208 -Dcom.sun.management.jmxremote.authenticate=false -Dcom.sun.management.jmxremote.ssl=false -Djava.rmi.server.hostname=localhost -Dspring.jmx.enabled=true -Dmanagement.endpoints.jmx.exposure.include=* -Dspring.application.admin.enabled=true -XX:TieredStopAtLevel=1 -Dspring.boot.project.name=MiniProject1 -Dfile.encoding=UTF-8 -Dstdout.encoding=UTF-8 -Dstderr.encoding=UTF-8 -XX:+ShowCodeDetailsInExceptionMessages com.sarkar.MiniProject1Application --spring.output.ansi.enabled=always

Host: AMD Ryzen 5 5625U with Radeon Graphics         , 12 cores, 3G,  Windows 11 , 64 bit Build 22621 (10.0.22621.4391)
Time: Tue Dec 17 10:48:07 2024 India Standard Time elapsed time: 2.446799 seconds (0d 0h 0m 2s)

---------------  T H R E A D  ---------------

Current thread (0x000002427f41a7c0):  JavaThread "restartedMain" [_thread_in_vm, id=18256, stack(0x0000006822b00000,0x0000006822c00000)]

Stack: [0x0000006822b00000,0x0000006822c00000]
Native frames: (J=compiled Java code, j=interpreted, Vv=VM code, C=native code)
V  [jvm.dll+0x677a5a]
V  [jvm.dll+0x7d8b2d]
V  [jvm.dll+0x7da48e]
V  [jvm.dll+0x7daaf3]
V  [jvm.dll+0x2455ff]
V  [jvm.dll+0x7d483b]
V  [jvm.dll+0x61dc06]
V  [jvm.dll+0x1bfa87]
V  [jvm.dll+0x620570]
V  [jvm.dll+0x61e5c6]
V  [jvm.dll+0x6283a7]
V  [jvm.dll+0x1e92ed]
V  [jvm.dll+0x1e98b5]
V  [jvm.dll+0x1ea1fb]
V  [jvm.dll+0x1dfa01]
V  [jvm.dll+0x53d58c]
V  [jvm.dll+0x753438]
V  [jvm.dll+0x753524]
V  [jvm.dll+0x40babf]
V  [jvm.dll+0x411a89]
C  [java.dll+0x17ec]

Java frames: (J=compiled Java code, j=interpreted, Vv=VM code)
J 1172  java.lang.ClassLoader.defineClass1(Ljava/lang/ClassLoader;Ljava/lang/String;[BIILjava/security/ProtectionDomain;Ljava/lang/String;)Ljava/lang/Class; java.base@17.0.10 (0 bytes) @ 0x00000242798d1663 [0x00000242798d15a0+0x00000000000000c3]
J 1337 c1 java.lang.ClassLoader.defineClass(Ljava/lang/String;[BIILjava/security/ProtectionDomain;)Ljava/lang/Class; java.base@17.0.10 (43 bytes) @ 0x000002427991785c [0x0000024279917760+0x00000000000000fc]
J 1183 c1 jdk.internal.loader.BuiltinClassLoader.defineClass(Ljava/lang/String;Ljdk/internal/loader/Resource;)Ljava/lang/Class; java.base@17.0.10 (121 bytes) @ 0x00000242798dbde4 [0x00000242798db920+0x00000000000004c4]
J 1182 c1 jdk.internal.loader.BuiltinClassLoader.findClassOnClassPathOrNull(Ljava/lang/String;)Ljava/lang/Class; java.base@17.0.10 (64 bytes) @ 0x00000242798da0b4 [0x00000242798d9e00+0x00000000000002b4]
J 960 c1 jdk.internal.loader.BuiltinClassLoader.loadClassOrNull(Ljava/lang/String;Z)Ljava/lang/Class; java.base@17.0.10 (143 bytes) @ 0x0000024279874bdc [0x0000024279874780+0x000000000000045c]
J 1105 c1 jdk.internal.loader.ClassLoaders$AppClassLoader.loadClass(Ljava/lang/String;Z)Ljava/lang/Class; java.base@17.0.10 (40 bytes) @ 0x00000242798bc324 [0x00000242798bc1e0+0x0000000000000144]
J 1075 c1 java.lang.ClassLoader.loadClass(Ljava/lang/String;)Ljava/lang/Class; java.base@17.0.10 (7 bytes) @ 0x00000242798b0364 [0x00000242798b0320+0x0000000000000044]
v  ~StubRoutines::call_stub
j  org.springframework.context.annotation.ConfigurationClassParser.parse(Lorg/springframework/core/type/AnnotationMetadata;Ljava/lang/String;)V+1
j  org.springframework.context.annotation.ConfigurationClassParser.parse(Ljava/util/Set;)V+59
j  org.springframework.context.annotation.ConfigurationClassPostProcessor.processConfigBeanDefinitions(Lorg/springframework/beans/factory/support/BeanDefinitionRegistry;)V+301
j  org.springframework.context.annotation.ConfigurationClassPostProcessor.postProcessBeanDefinitionRegistry(Lorg/springframework/beans/factory/support/BeanDefinitionRegistry;)V+81
j  org.springframework.context.support.PostProcessorRegistrationDelegate.invokeBeanDefinitionRegistryPostProcessors(Ljava/util/Collection;Lorg/springframework/beans/factory/support/BeanDefinitionRegistry;Lorg/springframework/core/metrics/ApplicationStartup;)V+59
j  org.springframework.context.support.PostProcessorRegistrationDelegate.invokeBeanFactoryPostProcessors(Lorg/springframework/beans/factory/config/ConfigurableListableBeanFactory;Ljava/util/List;)V+238
j  org.springframework.context.support.AbstractApplicationContext.invokeBeanFactoryPostProcessors(Lorg/springframework/beans/factory/config/ConfigurableListableBeanFactory;)V+5
j  org.springframework.context.support.AbstractApplicationContext.refresh()V+62
j  org.springframework.boot.web.servlet.context.ServletWebServerApplicationContext.refresh()V+1
j  org.springframework.boot.SpringApplication.refresh(Lorg/springframework/context/ConfigurableApplicationContext;)V+1
j  org.springframework.boot.SpringApplication.refreshContext(Lorg/springframework/context/ConfigurableApplicationContext;)V+16
j  org.springframework.boot.SpringApplication.run([Ljava/lang/String;)Lorg/springframework/context/ConfigurableApplicationContext;+110
j  org.springframework.boot.SpringApplication.run([Ljava/lang/Class;[Ljava/lang/String;)Lorg/springframework/context/ConfigurableApplicationContext;+9
j  org.springframework.boot.SpringApplication.run(Ljava/lang/Class;[Ljava/lang/String;)Lorg/springframework/context/ConfigurableApplicationContext;+9
j  com.sarkar.MiniProject1Application.main([Ljava/lang/String;)V+3
v  ~StubRoutines::call_stub
j  jdk.internal.reflect.NativeMethodAccessorImpl.invoke0(Ljava/lang/reflect/Method;Ljava/lang/Object;[Ljava/lang/Object;)Ljava/lang/Object;+0 java.base@17.0.10
j  jdk.internal.reflect.NativeMethodAccessorImpl.invoke(Ljava/lang/Object;[Ljava/lang/Object;)Ljava/lang/Object;+133 java.base@17.0.10
j  jdk.internal.reflect.DelegatingMethodAccessorImpl.invoke(Ljava/lang/Object;[Ljava/lang/Object;)Ljava/lang/Object;+6 java.base@17.0.10
j  java.lang.reflect.Method.invoke(Ljava/lang/Object;[Ljava/lang/Object;)Ljava/lang/Object;+59 java.base@17.0.10
j  org.springframework.boot.devtools.restart.RestartLauncher.run()V+47
v  ~StubRoutines::call_stub

---------------  P R O C E S S  ---------------

Threads class SMR info:
_java_thread_list=0x000002424764c5e0, length=21, elements={
0x0000024271c61e90, 0x000002427f3f4880, 0x000002427f3f67d0, 0x000002427f40b1e0,
0x000002427f40b7b0, 0x000002427f40c520, 0x000002427f4147a0, 0x000002427f4164e0,
0x000002427f41c110, 0x000002427f41c620, 0x0000024271d12970, 0x0000024271d12e90,
0x000002427f41d040, 0x000002427f41cb30, 0x000002427f41d550, 0x000002427f419da0,
0x000002427f41acd0, 0x000002427f41a2b0, 0x000002427f41a7c0, 0x000002427f41b1e0,
0x000002427f41b6f0
}

Java Threads: ( => current thread )
  0x0000024271c61e90 JavaThread "main" [_thread_blocked, id=29320, stack(0x0000006820a00000,0x0000006820b00000)]
  0x000002427f3f4880 JavaThread "Reference Handler" daemon [_thread_blocked, id=8068, stack(0x0000006821100000,0x0000006821200000)]
  0x000002427f3f67d0 JavaThread "Finalizer" daemon [_thread_blocked, id=21876, stack(0x0000006821200000,0x0000006821300000)]
  0x000002427f40b1e0 JavaThread "Signal Dispatcher" daemon [_thread_blocked, id=24580, stack(0x0000006821300000,0x0000006821400000)]
  0x000002427f40b7b0 JavaThread "Attach Listener" daemon [_thread_blocked, id=9876, stack(0x0000006821400000,0x0000006821500000)]
  0x000002427f40c520 JavaThread "Service Thread" daemon [_thread_blocked, id=13628, stack(0x0000006821500000,0x0000006821600000)]
  0x000002427f4147a0 JavaThread "Monitor Deflation Thread" daemon [_thread_blocked, id=28440, stack(0x0000006821600000,0x0000006821700000)]
  0x000002427f4164e0 JavaThread "C1 CompilerThread0" daemon [_thread_blocked, id=25668, stack(0x0000006821700000,0x0000006821800000)]
  0x000002427f41c110 JavaThread "Sweeper thread" daemon [_thread_blocked, id=19412, stack(0x0000006821800000,0x0000006821900000)]
  0x000002427f41c620 JavaThread "Common-Cleaner" daemon [_thread_blocked, id=1460, stack(0x0000006821900000,0x0000006821a00000)]
  0x0000024271d12970 JavaThread "C1 CompilerThread1" daemon [_thread_blocked, id=8312, stack(0x0000006821a00000,0x0000006821b00000)]
  0x0000024271d12e90 JavaThread "C1 CompilerThread2" daemon [_thread_blocked, id=26468, stack(0x0000006821b00000,0x0000006821c00000)]
  0x000002427f41d040 JavaThread "Notification Thread" daemon [_thread_blocked, id=4752, stack(0x0000006821c00000,0x0000006821d00000)]
  0x000002427f41cb30 JavaThread "RMI TCP Accept-0" daemon [_thread_in_native, id=7348, stack(0x0000006821d00000,0x0000006821e00000)]
  0x000002427f41d550 JavaThread "RMI TCP Accept-55208" daemon [_thread_in_native, id=16824, stack(0x0000006821e00000,0x0000006821f00000)]
  0x000002427f419da0 JavaThread "RMI TCP Accept-0" daemon [_thread_in_native, id=16624, stack(0x0000006821f00000,0x0000006822000000)]
  0x000002427f41acd0 JavaThread "RMI TCP Connection(1)-127.0.0.1" daemon [_thread_in_native, id=10044, stack(0x0000006822100000,0x0000006822200000)]
  0x000002427f41a2b0 JavaThread "Thread-0" [_thread_blocked, id=21388, stack(0x0000006822a00000,0x0000006822b00000)]
=>0x000002427f41a7c0 JavaThread "restartedMain" [_thread_in_vm, id=18256, stack(0x0000006822b00000,0x0000006822c00000)]
  0x000002427f41b1e0 JavaThread "RMI Scheduler(0)" daemon [_thread_blocked, id=26484, stack(0x0000006822c00000,0x0000006822d00000)]
  0x000002427f41b6f0 JavaThread "background-preinit" [_thread_in_vm, id=29336, stack(0x0000006822d00000,0x0000006822e00000)]

Other Threads:
  0x000002427f3f02d0 VMThread "VM Thread" [stack: 0x0000006821000000,0x0000006821100000] [id=3900]
  0x000002424719d130 WatcherThread [stack: 0x0000006822000000,0x0000006822100000] [id=28496]
  0x0000024271c9a030 GCTaskThread "GC Thread#0" [stack: 0x0000006820b00000,0x0000006820c00000] [id=28372]
  0x000002424754c070 GCTaskThread "GC Thread#1" [stack: 0x0000006822200000,0x0000006822300000] [id=4936]
  0x000002424747c980 GCTaskThread "GC Thread#2" [stack: 0x0000006822300000,0x0000006822400000] [id=5576]
  0x0000024247565a20 GCTaskThread "GC Thread#3" [stack: 0x0000006822400000,0x0000006822500000] [id=20068]
  0x0000024247565ce0 GCTaskThread "GC Thread#4" [stack: 0x0000006822500000,0x0000006822600000] [id=27720]
  0x0000024247565fa0 GCTaskThread "GC Thread#5" [stack: 0x0000006822600000,0x0000006822700000] [id=17512]
  0x0000024247566260 GCTaskThread "GC Thread#6" [stack: 0x0000006822700000,0x0000006822800000] [id=13892]
  0x0000024247566520 GCTaskThread "GC Thread#7" [stack: 0x0000006822800000,0x0000006822900000] [id=22336]
  0x00000242476cde40 GCTaskThread "GC Thread#8" [stack: 0x0000006822e00000,0x0000006822f00000] [id=22940]
  0x00000242476ce100 GCTaskThread "GC Thread#9" [stack: 0x0000006822f00000,0x0000006823000000] [id=25936]
  0x0000024271ca2ad0 ConcurrentGCThread "G1 Main Marker" [stack: 0x0000006820c00000,0x0000006820d00000] [id=8456]
  0x0000024271ca4c90 ConcurrentGCThread "G1 Conc#0" [stack: 0x0000006820d00000,0x0000006820e00000] [id=3868]
  0x0000024271cfd3f0 ConcurrentGCThread "G1 Refine#0" [stack: 0x0000006820e00000,0x0000006820f00000] [id=20544]
  0x00000242475667e0 ConcurrentGCThread "G1 Refine#1" [stack: 0x0000006822900000,0x0000006822a00000] [id=10540]
  0x0000024271cff940 ConcurrentGCThread "G1 Service" [stack: 0x0000006820f00000,0x0000006821000000] [id=8680]

Threads with active compile tasks:

VM state: not at safepoint (normal execution)

VM Mutex/Monitor currently owned by a thread:  ([mutex/lock_event])
[0x0000024271c5dc50] Metaspace_lock - owner thread: 0x000002427f41a7c0

Heap address: 0x00000000ca600000, size: 858 MB, Compressed Oops mode: 32-bit

CDS archive(s) mapped at: [0x0000024202000000-0x0000024202bd0000-0x0000024202bd0000), size 12386304, SharedBaseAddress: 0x0000024202000000, ArchiveRelocationMode: 1.
Compressed class space mapped at: 0x0000024203000000-0x0000024243000000, reserved size: 1073741824
Narrow klass base: 0x0000024202000000, Narrow klass shift: 0, Narrow klass range: 0x100000000

GC Precious Log:
 CPUs: 12 total, 12 available
 Memory: 3424M
 Large Page Support: Disabled
 NUMA Support: Disabled
 Compressed Oops: Enabled (32-bit)
 Heap Region Size: 1M
 Heap Min Capacity: 8M
 Heap Initial Capacity: 54M
 Heap Max Capacity: 858M
 Pre-touch: Disabled
 Parallel Workers: 10
 Concurrent Workers: 3
 Concurrent Refinement Workers: 10
 Periodic GC: Disabled

Heap:
 garbage-first heap   total 55296K, used 16266K [0x00000000ca600000, 0x0000000100000000)
  region size 1024K, 10 young (10240K), 3 survivors (3072K)
 Metaspace       used 16899K, committed 17152K, reserved 1114112K
  class space    used 2254K, committed 2368K, reserved 1048576K

Heap Regions: E=young(eden), S=young(survivor), O=old, HS=humongous(starts), HC=humongous(continues), CS=collection set, F=free, OA=open archive, CA=closed archive, TAMS=top-at-mark-start (previous, next)
|   0|0x00000000ca600000, 0x00000000ca700000, 0x00000000ca700000|100%|HS|  |TAMS 0x00000000ca600000, 0x00000000ca600000| Complete 
|   1|0x00000000ca700000, 0x00000000ca800000, 0x00000000ca800000|100%| O|  |TAMS 0x00000000ca700000, 0x00000000ca700000| Untracked 
|   2|0x00000000ca800000, 0x00000000ca900000, 0x00000000ca900000|100%| O|  |TAMS 0x00000000ca800000, 0x00000000ca800000| Untracked 
|   3|0x00000000ca900000, 0x00000000caa00000, 0x00000000caa00000|100%| O|  |TAMS 0x00000000ca900000, 0x00000000ca900000| Untracked 
|   4|0x00000000caa00000, 0x00000000cab00000, 0x00000000cab00000|100%| O|  |TAMS 0x00000000caa00000, 0x00000000caa00000| Untracked 
|   5|0x00000000cab00000, 0x00000000cac00000, 0x00000000cac00000|100%| O|  |TAMS 0x00000000cab00000, 0x00000000cab00000| Untracked 
|   6|0x00000000cac00000, 0x00000000cad00000, 0x00000000cad00000|100%| O|  |TAMS 0x00000000cac00000, 0x00000000cac00000| Untracked 
|   7|0x00000000cad00000, 0x00000000cad4a800, 0x00000000cae00000| 29%| O|  |TAMS 0x00000000cad00000, 0x00000000cad00000| Untracked 
|   8|0x00000000cae00000, 0x00000000cae00000, 0x00000000caf00000|  0%| F|  |TAMS 0x00000000cae00000, 0x00000000cae00000| Untracked 
|   9|0x00000000caf00000, 0x00000000caf00000, 0x00000000cb000000|  0%| F|  |TAMS 0x00000000caf00000, 0x00000000caf00000| Untracked 
|  10|0x00000000cb000000, 0x00000000cb000000, 0x00000000cb100000|  0%| F|  |TAMS 0x00000000cb000000, 0x00000000cb000000| Untracked 
|  11|0x00000000cb100000, 0x00000000cb100000, 0x00000000cb200000|  0%| F|  |TAMS 0x00000000cb100000, 0x00000000cb100000| Untracked 
|  12|0x00000000cb200000, 0x00000000cb200000, 0x00000000cb300000|  0%| F|  |TAMS 0x00000000cb200000, 0x00000000cb200000| Untracked 
|  13|0x00000000cb300000, 0x00000000cb300000, 0x00000000cb400000|  0%| F|  |TAMS 0x00000000cb300000, 0x00000000cb300000| Untracked 
|  14|0x00000000cb400000, 0x00000000cb400000, 0x00000000cb500000|  0%| F|  |TAMS 0x00000000cb400000, 0x00000000cb400000| Untracked 
|  15|0x00000000cb500000, 0x00000000cb500000, 0x00000000cb600000|  0%| F|  |TAMS 0x00000000cb500000, 0x00000000cb500000| Untracked 
|  16|0x00000000cb600000, 0x00000000cb600000, 0x00000000cb700000|  0%| F|  |TAMS 0x00000000cb600000, 0x00000000cb600000| Untracked 
|  17|0x00000000cb700000, 0x00000000cb700000, 0x00000000cb800000|  0%| F|  |TAMS 0x00000000cb700000, 0x00000000cb700000| Untracked 
|  18|0x00000000cb800000, 0x00000000cb800000, 0x00000000cb900000|  0%| F|  |TAMS 0x00000000cb800000, 0x00000000cb800000| Untracked 
|  19|0x00000000cb900000, 0x00000000cb900000, 0x00000000cba00000|  0%| F|  |TAMS 0x00000000cb900000, 0x00000000cb900000| Untracked 
|  20|0x00000000cba00000, 0x00000000cba00000, 0x00000000cbb00000|  0%| F|  |TAMS 0x00000000cba00000, 0x00000000cba00000| Untracked 
|  21|0x00000000cbb00000, 0x00000000cbb00000, 0x00000000cbc00000|  0%| F|  |TAMS 0x00000000cbb00000, 0x00000000cbb00000| Untracked 
|  22|0x00000000cbc00000, 0x00000000cbc00000, 0x00000000cbd00000|  0%| F|  |TAMS 0x00000000cbc00000, 0x00000000cbc00000| Untracked 
|  23|0x00000000cbd00000, 0x00000000cbd00000, 0x00000000cbe00000|  0%| F|  |TAMS 0x00000000cbd00000, 0x00000000cbd00000| Untracked 
|  24|0x00000000cbe00000, 0x00000000cbe00000, 0x00000000cbf00000|  0%| F|  |TAMS 0x00000000cbe00000, 0x00000000cbe00000| Untracked 
|  25|0x00000000cbf00000, 0x00000000cbf00000, 0x00000000cc000000|  0%| F|  |TAMS 0x00000000cbf00000, 0x00000000cbf00000| Untracked 
|  26|0x00000000cc000000, 0x00000000cc000000, 0x00000000cc100000|  0%| F|  |TAMS 0x00000000cc000000, 0x00000000cc000000| Untracked 
|  27|0x00000000cc100000, 0x00000000cc100000, 0x00000000cc200000|  0%| F|  |TAMS 0x00000000cc100000, 0x00000000cc100000| Untracked 
|  28|0x00000000cc200000, 0x00000000cc200000, 0x00000000cc300000|  0%| F|  |TAMS 0x00000000cc200000, 0x00000000cc200000| Untracked 
|  29|0x00000000cc300000, 0x00000000cc398230, 0x00000000cc400000| 59%| S|CS|TAMS 0x00000000cc300000, 0x00000000cc300000| Complete 
|  30|0x00000000cc400000, 0x00000000cc500000, 0x00000000cc500000|100%| S|CS|TAMS 0x00000000cc400000, 0x00000000cc400000| Complete 
|  31|0x00000000cc500000, 0x00000000cc600000, 0x00000000cc600000|100%| S|CS|TAMS 0x00000000cc500000, 0x00000000cc500000| Complete 
|  32|0x00000000cc600000, 0x00000000cc600000, 0x00000000cc700000|  0%| F|  |TAMS 0x00000000cc600000, 0x00000000cc600000| Untracked 
|  33|0x00000000cc700000, 0x00000000cc700000, 0x00000000cc800000|  0%| F|  |TAMS 0x00000000cc700000, 0x00000000cc700000| Untracked 
|  34|0x00000000cc800000, 0x00000000cc800000, 0x00000000cc900000|  0%| F|  |TAMS 0x00000000cc800000, 0x00000000cc800000| Untracked 
|  35|0x00000000cc900000, 0x00000000cc900000, 0x00000000cca00000|  0%| F|  |TAMS 0x00000000cc900000, 0x00000000cc900000| Untracked 
|  36|0x00000000cca00000, 0x00000000cca00000, 0x00000000ccb00000|  0%| F|  |TAMS 0x00000000cca00000, 0x00000000cca00000| Untracked 
|  37|0x00000000ccb00000, 0x00000000ccb00000, 0x00000000ccc00000|  0%| F|  |TAMS 0x00000000ccb00000, 0x00000000ccb00000| Untracked 
|  38|0x00000000ccc00000, 0x00000000ccc00000, 0x00000000ccd00000|  0%| F|  |TAMS 0x00000000ccc00000, 0x00000000ccc00000| Untracked 
|  39|0x00000000ccd00000, 0x00000000ccd00000, 0x00000000cce00000|  0%| F|  |TAMS 0x00000000ccd00000, 0x00000000ccd00000| Untracked 
|  40|0x00000000cce00000, 0x00000000cce00000, 0x00000000ccf00000|  0%| F|  |TAMS 0x00000000cce00000, 0x00000000cce00000| Untracked 
|  41|0x00000000ccf00000, 0x00000000ccf00000, 0x00000000cd000000|  0%| F|  |TAMS 0x00000000ccf00000, 0x00000000ccf00000| Untracked 
|  42|0x00000000cd000000, 0x00000000cd000000, 0x00000000cd100000|  0%| F|  |TAMS 0x00000000cd000000, 0x00000000cd000000| Untracked 
|  43|0x00000000cd100000, 0x00000000cd100000, 0x00000000cd200000|  0%| F|  |TAMS 0x00000000cd100000, 0x00000000cd100000| Untracked 
|  44|0x00000000cd200000, 0x00000000cd200000, 0x00000000cd300000|  0%| F|  |TAMS 0x00000000cd200000, 0x00000000cd200000| Untracked 
|  45|0x00000000cd300000, 0x00000000cd300000, 0x00000000cd400000|  0%| F|  |TAMS 0x00000000cd300000, 0x00000000cd300000| Untracked 
|  46|0x00000000cd400000, 0x00000000cd400000, 0x00000000cd500000|  0%| F|  |TAMS 0x00000000cd400000, 0x00000000cd400000| Untracked 
|  47|0x00000000cd500000, 0x00000000cd600000, 0x00000000cd600000|100%| E|  |TAMS 0x00000000cd500000, 0x00000000cd500000| Complete 
|  48|0x00000000cd600000, 0x00000000cd700000, 0x00000000cd700000|100%| E|CS|TAMS 0x00000000cd600000, 0x00000000cd600000| Complete 
|  49|0x00000000cd700000, 0x00000000cd800000, 0x00000000cd800000|100%| E|CS|TAMS 0x00000000cd700000, 0x00000000cd700000| Complete 
|  50|0x00000000cd800000, 0x00000000cd900000, 0x00000000cd900000|100%| E|CS|TAMS 0x00000000cd800000, 0x00000000cd800000| Complete 
|  51|0x00000000cd900000, 0x00000000cda00000, 0x00000000cda00000|100%| E|CS|TAMS 0x00000000cd900000, 0x00000000cd900000| Complete 
|  52|0x00000000cda00000, 0x00000000cdb00000, 0x00000000cdb00000|100%| E|CS|TAMS 0x00000000cda00000, 0x00000000cda00000| Complete 
|  53|0x00000000cdb00000, 0x00000000cdc00000, 0x00000000cdc00000|100%| E|CS|TAMS 0x00000000cdb00000, 0x00000000cdb00000| Complete 

Card table byte_map: [0x000002427c9e0000,0x000002427cb90000] _byte_map_base: 0x000002427c38d000

Marking Bits (Prev, Next): (CMBitMap*) 0x0000024271c9b660, (CMBitMap*) 0x0000024271c9b6a0
 Prev Bits: [0x000002427cd40000, 0x000002427daa8000)
 Next Bits: [0x000002427dab0000, 0x000002427e818000)

Polling page: 0x000002426f940000

Metaspace:

Usage:
  Non-class:     14.30 MB used.
      Class:      2.20 MB used.
       Both:     16.50 MB used.

Virtual space:
  Non-class space:       64.00 MB reserved,      14.44 MB ( 23%) committed,  1 nodes.
      Class space:        1.00 GB reserved,       2.31 MB ( <1%) committed,  1 nodes.
             Both:        1.06 GB reserved,      16.75 MB (  2%) committed. 

Chunk freelists:
   Non-Class:  1.42 MB
       Class:  13.52 MB
        Both:  14.94 MB

MaxMetaspaceSize: unlimited
CompressedClassSpaceSize: 1.00 GB
Initial GC threshold: 21.00 MB
Current GC threshold: 21.00 MB
CDS: on
MetaspaceReclaimPolicy: balanced
 - commit_granule_bytes: 65536.
 - commit_granule_words: 8192.
 - virtual_space_node_default_size: 8388608.
 - enlarge_chunks_in_place: 1.
 - new_chunks_are_fully_committed: 0.
 - uncommit_free_chunks: 1.
 - use_allocation_guard: 0.
 - handle_deallocations: 1.


Internal statistics:

num_allocs_failed_limit: 0.
num_arena_births: 258.
num_arena_deaths: 0.
num_vsnodes_births: 2.
num_vsnodes_deaths: 0.
num_space_committed: 268.
num_space_uncommitted: 0.
num_chunks_returned_to_freelist: 0.
num_chunks_taken_from_freelist: 727.
num_chunk_merges: 0.
num_chunk_splits: 513.
num_chunks_enlarged: 401.
num_inconsistent_stats: 0.

CodeCache: size=49152Kb used=5536Kb max_used=5536Kb free=43616Kb
 bounds [0x0000024279500000, 0x0000024279a70000, 0x000002427c500000]
 total_blobs=2691 nmethods=2189 adapters=427
 compilation: enabled
              stopped_count=0, restarted_count=0
 full_count=0

Compilation events (20 events):
Event: 2.412 Thread 0x0000024271d12970 2180       1       java.lang.invoke.LambdaProxyClassArchive::loadedByBuiltinLoader (22 bytes)
Event: 2.412 Thread 0x000002427f4164e0 nmethod 2179 0x0000024279a61710 code [0x0000024279a618e0, 0x0000024279a61bb8]
Event: 2.412 Thread 0x000002427f4164e0 2181       1       jdk.internal.misc.CDS::isSharingEnabled (4 bytes)
Event: 2.412 Thread 0x000002427f4164e0 nmethod 2181 0x0000024279a61d90 code [0x0000024279a61f20, 0x0000024279a61fd8]
Event: 2.412 Thread 0x0000024271d12970 nmethod 2180 0x0000024279a62090 code [0x0000024279a62240, 0x0000024279a624b8]
Event: 2.413 Thread 0x0000024271d12e90 nmethod 2177 0x0000024279a62690 code [0x0000024279a629c0, 0x0000024279a637f8]
Event: 2.415 Thread 0x0000024271d12970 2182       1       java.lang.invoke.LambdaMetafactory::metafactory (71 bytes)
Event: 2.415 Thread 0x0000024271d12970 nmethod 2182 0x0000024279a64a10 code [0x0000024279a64c20, 0x0000024279a65208]
Event: 2.428 Thread 0x0000024271d12970 2184       1       org.springframework.core.ResolvableType::asVariableResolver (18 bytes)
Event: 2.428 Thread 0x0000024271d12e90 2185       1       org.springframework.core.ResolvableType$DefaultVariableResolver::<init> (10 bytes)
Event: 2.428 Thread 0x0000024271d12e90 nmethod 2185 0x0000024279a65810 code [0x0000024279a659a0, 0x0000024279a65ab8]
Event: 2.428 Thread 0x0000024271d12e90 2186       1       java.util.HashSet::contains (9 bytes)
Event: 2.428 Thread 0x0000024271d12970 nmethod 2184 0x0000024279a65b10 code [0x0000024279a65ca0, 0x0000024279a65e58]
Event: 2.428 Thread 0x0000024271d12e90 nmethod 2186 0x0000024279a65f10 code [0x0000024279a660a0, 0x0000024279a66188]
Event: 2.432 Thread 0x0000024271d12e90 2187       1       org.springframework.core.convert.TypeDescriptor::getResolvableType (5 bytes)
Event: 2.432 Thread 0x0000024271d12e90 nmethod 2187 0x0000024279a66210 code [0x0000024279a663a0, 0x0000024279a66478]
Event: 2.433 Thread 0x0000024271d12e90 2188       1       java.lang.Class::isAnnotation (17 bytes)
Event: 2.433 Thread 0x0000024271d12e90 nmethod 2188 0x0000024279a66510 code [0x0000024279a666a0, 0x0000024279a66798]
Event: 2.438 Thread 0x000002427f4164e0 2189  s!   1       jdk.internal.loader.URLClassPath::getLoader (194 bytes)
Event: 2.439 Thread 0x000002427f4164e0 nmethod 2189 0x0000024279a66810 code [0x0000024279a66ae0, 0x0000024279a67658]

GC Heap History (6 events):
Event: 1.608 GC heap before
{Heap before GC invocations=0 (full 0):
 garbage-first heap   total 55296K, used 23552K [0x00000000ca600000, 0x0000000100000000)
  region size 1024K, 23 young (23552K), 0 survivors (0K)
 Metaspace       used 7111K, committed 7360K, reserved 1114112K
  class space    used 911K, committed 1024K, reserved 1048576K
}
Event: 1.619 GC heap after
{Heap after GC invocations=1 (full 0):
 garbage-first heap   total 55296K, used 7448K [0x00000000ca600000, 0x0000000100000000)
  region size 1024K, 3 young (3072K), 3 survivors (3072K)
 Metaspace       used 7111K, committed 7360K, reserved 1114112K
  class space    used 911K, committed 1024K, reserved 1048576K
}
Event: 2.089 GC heap before
{Heap before GC invocations=1 (full 0):
 garbage-first heap   total 55296K, used 26904K [0x00000000ca600000, 0x0000000100000000)
  region size 1024K, 22 young (22528K), 3 survivors (3072K)
 Metaspace       used 10690K, committed 10944K, reserved 1114112K
  class space    used 1481K, committed 1600K, reserved 1048576K
}
Event: 2.093 GC heap after
{Heap after GC invocations=2 (full 0):
 garbage-first heap   total 55296K, used 9030K [0x00000000ca600000, 0x0000000100000000)
  region size 1024K, 2 young (2048K), 2 survivors (2048K)
 Metaspace       used 10690K, committed 10944K, reserved 1114112K
  class space    used 1481K, committed 1600K, reserved 1048576K
}
Event: 2.368 GC heap before
{Heap before GC invocations=2 (full 0):
 garbage-first heap   total 55296K, used 28486K [0x00000000ca600000, 0x0000000100000000)
  region size 1024K, 22 young (22528K), 2 survivors (2048K)
 Metaspace       used 15391K, committed 15680K, reserved 1114112K
  class space    used 2043K, committed 2176K, reserved 1048576K
}
Event: 2.371 GC heap after
{Heap after GC invocations=3 (full 0):
 garbage-first heap   total 55296K, used 10122K [0x00000000ca600000, 0x0000000100000000)
  region size 1024K, 3 young (3072K), 3 survivors (3072K)
 Metaspace       used 15391K, committed 15680K, reserved 1114112K
  class space    used 2043K, committed 2176K, reserved 1048576K
}

Deoptimization events (0 events):
No events

Classes unloaded (0 events):
No events

Classes redefined (0 events):
No events

Internal exceptions (20 events):
Event: 1.940 Thread 0x000002427f41a7c0 Exception <a 'java/lang/NoSuchMethodError'{0x00000000ccfdb720}: 'int java.lang.invoke.DirectMethodHandle$Holder.invokeVirtual(java.lang.Object, java.lang.Object)'> (0x00000000ccfdb720) 
thrown [s\open\src\hotspot\share\interpreter\linkResolver.cpp, line 759]
Event: 1.957 Thread 0x000002427f41a7c0 Exception <a 'java/lang/NoSuchMethodError'{0x00000000cce99288}: 'java.lang.Object java.lang.invoke.DirectMethodHandle$Holder.invokeSpecial(java.lang.Object, java.lang.Object, java.lang.Object, int, java.lang.Object)'> (0x00000000cce99288) 
thrown [s\open\src\hotspot\share\interpreter\linkResolver.cpp, line 759]
Event: 1.958 Thread 0x000002427f41a7c0 Exception <a 'java/lang/NoSuchMethodError'{0x00000000ccea1810}: 'java.lang.Object java.lang.invoke.DirectMethodHandle$Holder.newInvokeSpecial(java.lang.Object, java.lang.Object, java.lang.Object, int, java.lang.Object)'> (0x00000000ccea1810) 
thrown [s\open\src\hotspot\share\interpreter\linkResolver.cpp, line 759]
Event: 1.958 Thread 0x000002427f41a7c0 Exception <a 'java/lang/NoSuchMethodError'{0x00000000ccea91e0}: 'java.lang.Object java.lang.invoke.Invokers$Holder.linkToTargetMethod(java.lang.Object, java.lang.Object, int, java.lang.Object, java.lang.Object)'> (0x00000000ccea91e0) 
thrown [s\open\src\hotspot\share\interpreter\linkResolver.cpp, line 759]
Event: 1.959 Thread 0x000002427f41a7c0 Exception <a 'java/lang/NoSuchMethodError'{0x00000000cceb92c8}: 'java.lang.Object java.lang.invoke.DirectMethodHandle$Holder.newInvokeSpecial(java.lang.Object, int, java.lang.Object)'> (0x00000000cceb92c8) 
thrown [s\open\src\hotspot\share\interpreter\linkResolver.cpp, line 759]
Event: 1.960 Thread 0x000002427f41a7c0 Exception <a 'java/lang/NoSuchMethodError'{0x00000000ccebd298}: 'int java.lang.invoke.DirectMethodHandle$Holder.invokeSpecialIFC(java.lang.Object, java.lang.Object, java.lang.Object, java.lang.Object)'> (0x00000000ccebd298) 
thrown [s\open\src\hotspot\share\interpreter\linkResolver.cpp, line 759]
Event: 1.974 Thread 0x000002427f41a7c0 Exception <a 'java/lang/NoSuchMethodError'{0x00000000ccd9c580}: 'void java.lang.invoke.DirectMethodHandle$Holder.invokeInterface(java.lang.Object, java.lang.Object, java.lang.Object)'> (0x00000000ccd9c580) 
thrown [s\open\src\hotspot\share\interpreter\linkResolver.cpp, line 759]
Event: 1.996 Thread 0x000002427f41a7c0 Exception <a 'java/lang/NoSuchMethodError'{0x00000000ccc53910}: 'java.lang.Object java.lang.invoke.DirectMethodHandle$Holder.invokeVirtual(java.lang.Object, java.lang.Object, java.lang.Object)'> (0x00000000ccc53910) 
thrown [s\open\src\hotspot\share\interpreter\linkResolver.cpp, line 759]
Event: 2.017 Thread 0x000002427f41a7c0 Exception <a 'java/lang/NoSuchMethodError'{0x00000000ccb2e030}: 'void java.lang.invoke.DirectMethodHandle$Holder.invokeStatic(java.lang.Object, java.lang.Object, int)'> (0x00000000ccb2e030) 
thrown [s\open\src\hotspot\share\interpreter\linkResolver.cpp, line 759]
Event: 2.020 Thread 0x000002427f41a7c0 Exception <a 'java/lang/NoSuchMethodError'{0x00000000ccb47cb0}: 'void java.lang.invoke.DirectMethodHandle$Holder.invokeStaticInit(java.lang.Object, java.lang.Object, java.lang.Object)'> (0x00000000ccb47cb0) 
thrown [s\open\src\hotspot\share\interpreter\linkResolver.cpp, line 759]
Event: 2.028 Thread 0x000002427f41a7c0 Exception <a 'java/lang/NoSuchMethodError'{0x00000000ccb8f4c8}: 'java.lang.Object java.lang.invoke.DirectMethodHandle$Holder.invokeStatic(java.lang.Object, java.lang.Object, long, java.lang.Object)'> (0x00000000ccb8f4c8) 
thrown [s\open\src\hotspot\share\interpreter\linkResolver.cpp, line 759]
Event: 2.028 Thread 0x000002427f41a7c0 Exception <a 'java/lang/NoSuchMethodError'{0x00000000ccb92f60}: 'java.lang.Object java.lang.invoke.DirectMethodHandle$Holder.invokeStaticInit(java.lang.Object, java.lang.Object, long, java.lang.Object)'> (0x00000000ccb92f60) 
thrown [s\open\src\hotspot\share\interpreter\linkResolver.cpp, line 759]
Event: 2.029 Thread 0x000002427f41a7c0 Exception <a 'java/lang/NoSuchMethodError'{0x00000000ccb99570}: 'java.lang.Object java.lang.invoke.DirectMethodHandle$Holder.newInvokeSpecial(java.lang.Object, java.lang.Object, long)'> (0x00000000ccb99570) 
thrown [s\open\src\hotspot\share\interpreter\linkResolver.cpp, line 759]
Event: 2.029 Thread 0x000002427f41a7c0 Exception <a 'java/lang/NoSuchMethodError'{0x00000000ccb9d0e0}: 'java.lang.Object java.lang.invoke.Invokers$Holder.linkToTargetMethod(java.lang.Object, long, java.lang.Object)'> (0x00000000ccb9d0e0) 
thrown [s\open\src\hotspot\share\interpreter\linkResolver.cpp, line 759]
Event: 2.040 Thread 0x000002427f41a7c0 Exception <a 'java/lang/NoSuchMethodError'{0x00000000cca0b9e0}: 'void java.lang.invoke.DirectMethodHandle$Holder.invokeVirtual(java.lang.Object, java.lang.Object, java.lang.Object, java.lang.Object)'> (0x00000000cca0b9e0) 
thrown [s\open\src\hotspot\share\interpreter\linkResolver.cpp, line 759]
Event: 2.082 Thread 0x000002427f41a7c0 Exception <a 'java/lang/NoSuchMethodError'{0x00000000cc98fba0}: 'void java.lang.invoke.DirectMethodHandle$Holder.invokeSpecial(java.lang.Object, java.lang.Object, java.lang.Object)'> (0x00000000cc98fba0) 
thrown [s\open\src\hotspot\share\interpreter\linkResolver.cpp, line 759]
Event: 2.094 Thread 0x000002427f41b6f0 Exception <a 'java/lang/NoClassDefFoundError'{0x00000000cdb02528}: jakarta/validation/Validation> (0x00000000cdb02528) 
thrown [s\open\src\hotspot\share\classfile\systemDictionary.cpp, line 245]
Event: 2.107 Thread 0x000002427f41a7c0 Exception <a 'java/lang/NoSuchMethodError'{0x00000000cdbcb0c0}: 'java.lang.Object java.lang.invoke.DirectMethodHandle$Holder.invokeStatic(java.lang.Object, java.lang.Object, int)'> (0x00000000cdbcb0c0) 
thrown [s\open\src\hotspot\share\interpreter\linkResolver.cpp, line 759]
Event: 2.108 Thread 0x000002427f41a7c0 Exception <a 'java/lang/NoSuchMethodError'{0x00000000cdbd6ad8}: 'void java.lang.invoke.DelegatingMethodHandle$Holder.delegate(java.lang.Object, java.lang.Object, int, java.lang.Object)'> (0x00000000cdbd6ad8) 
thrown [s\open\src\hotspot\share\interpreter\linkResolver.cpp, line 759]
Event: 2.125 Thread 0x000002427f41a7c0 Exception <a 'java/lang/IncompatibleClassChangeError'{0x00000000cd9be658}: Found class java.lang.Object, but interface was expected> (0x00000000cd9be658) 
thrown [s\open\src\hotspot\share\interpreter\linkResolver.cpp, line 826]

VM Operations (20 events):
Event: 1.246 Executing VM operation: HandshakeAllThreads
Event: 1.246 Executing VM operation: HandshakeAllThreads done
Event: 1.607 Executing VM operation: G1CollectForAllocation
Event: 1.619 Executing VM operation: G1CollectForAllocation done
Event: 1.705 Executing VM operation: HandshakeAllThreads
Event: 1.705 Executing VM operation: HandshakeAllThreads done
Event: 1.937 Executing VM operation: HandshakeAllThreads
Event: 1.937 Executing VM operation: HandshakeAllThreads done
Event: 2.079 Executing VM operation: HandshakeAllThreads
Event: 2.079 Executing VM operation: HandshakeAllThreads done
Event: 2.081 Executing VM operation: ICBufferFull
Event: 2.081 Executing VM operation: ICBufferFull done
Event: 2.089 Executing VM operation: G1CollectForAllocation
Event: 2.093 Executing VM operation: G1CollectForAllocation done
Event: 2.368 Executing VM operation: G1CollectForAllocation
Event: 2.371 Executing VM operation: G1CollectForAllocation done
Event: 2.385 Executing VM operation: HandshakeAllThreads
Event: 2.385 Executing VM operation: HandshakeAllThreads done
Event: 2.437 Executing VM operation: HandshakeAllThreads
Event: 2.437 Executing VM operation: HandshakeAllThreads done

Events (20 events):
Event: 2.342 loading class jdk/internal/reflect/UnsafeObjectFieldAccessorImpl
Event: 2.342 loading class jdk/internal/reflect/UnsafeObjectFieldAccessorImpl done
Event: 2.414 loading class java/util/concurrent/ExecutionException
Event: 2.414 loading class java/util/concurrent/ExecutionException done
Event: 2.417 loading class java/beans/IntrospectionException
Event: 2.417 loading class java/beans/IntrospectionException done
Event: 2.417 loading class java/beans/PropertyDescriptor
Event: 2.417 loading class java/beans/PropertyDescriptor done
Event: 2.420 loading class java/beans/BeanInfo
Event: 2.420 loading class java/beans/BeanInfo done
Event: 2.424 loading class java/beans/MethodRef
Event: 2.425 loading class java/beans/MethodRef done
Event: 2.425 loading class java/beans/SimpleBeanInfo
Event: 2.425 loading class java/beans/SimpleBeanInfo done
Event: 2.426 loading class com/sun/beans/TypeResolver
Event: 2.426 loading class com/sun/beans/TypeResolver done
Event: 2.426 loading class com/sun/beans/WeakCache
Event: 2.427 loading class com/sun/beans/WeakCache done
Event: 2.427 loading class com/sun/beans/WildcardTypeImpl
Event: 2.427 loading class com/sun/beans/WildcardTypeImpl done


Dynamic libraries:
0x00007ff7eda20000 - 0x00007ff7eda30000 	C:\Program Files\Java\jdk-17\bin\javaw.exe
0x00007ffd78890000 - 0x00007ffd78aa7000 	C:\windows\SYSTEM32\ntdll.dll
0x00007ffd770d0000 - 0x00007ffd77194000 	C:\windows\System32\KERNEL32.DLL
0x00007ffd75fd0000 - 0x00007ffd7638a000 	C:\windows\System32\KERNELBASE.dll
0x00007ffd75b70000 - 0x00007ffd75c81000 	C:\windows\System32\ucrtbase.dll
0x00007ffd347d0000 - 0x00007ffd347eb000 	C:\Program Files\Java\jdk-17\bin\VCRUNTIME140.dll
0x00007ffd2dc90000 - 0x00007ffd2dca9000 	C:\Program Files\Java\jdk-17\bin\jli.dll
0x00007ffd776c0000 - 0x00007ffd77772000 	C:\windows\System32\ADVAPI32.dll
0x00007ffd765a0000 - 0x00007ffd76647000 	C:\windows\System32\msvcrt.dll
0x00007ffd777e0000 - 0x00007ffd77887000 	C:\windows\System32\sechost.dll
0x00007ffd75fa0000 - 0x00007ffd75fc8000 	C:\windows\System32\bcrypt.dll
0x00007ffd77230000 - 0x00007ffd77344000 	C:\windows\System32\RPCRT4.dll
0x00007ffd786a0000 - 0x00007ffd7884e000 	C:\windows\System32\USER32.dll
0x00007ffd75e70000 - 0x00007ffd75e96000 	C:\windows\System32\win32u.dll
0x00007ffd588a0000 - 0x00007ffd58b32000 	C:\windows\WinSxS\amd64_microsoft.windows.common-controls_6595b64144ccf1df_6.0.22621.4541_none_2710d1c57384c085\COMCTL32.dll
0x00007ffd76a30000 - 0x00007ffd76a59000 	C:\windows\System32\GDI32.dll
0x00007ffd75d50000 - 0x00007ffd75e6b000 	C:\windows\System32\gdi32full.dll
0x00007ffd76390000 - 0x00007ffd7642a000 	C:\windows\System32\msvcp_win.dll
0x00007ffd6ba60000 - 0x00007ffd6ba6a000 	C:\windows\SYSTEM32\VERSION.dll
0x00007ffd77c20000 - 0x00007ffd77c51000 	C:\windows\System32\IMM32.DLL
0x00007ffd48410000 - 0x00007ffd4841c000 	C:\Program Files\Java\jdk-17\bin\vcruntime140_1.dll
0x00007ffd149c0000 - 0x00007ffd14a4e000 	C:\Program Files\Java\jdk-17\bin\msvcp140.dll
0x00007ffce7700000 - 0x00007ffce82df000 	C:\Program Files\Java\jdk-17\bin\server\jvm.dll
0x00007ffd769b0000 - 0x00007ffd769b8000 	C:\windows\System32\PSAPI.DLL
0x00007ffd6fd00000 - 0x00007ffd6fd34000 	C:\windows\SYSTEM32\WINMM.dll
0x00007ffd5d6a0000 - 0x00007ffd5d6a9000 	C:\windows\SYSTEM32\WSOCK32.dll
0x00007ffd775b0000 - 0x00007ffd77621000 	C:\windows\System32\WS2_32.dll
0x00007ffd74b80000 - 0x00007ffd74b98000 	C:\windows\SYSTEM32\kernel.appcore.dll
0x00007ffd47b60000 - 0x00007ffd47b6a000 	C:\Program Files\Java\jdk-17\bin\jimage.dll
0x00007ffd6c080000 - 0x00007ffd6c2b2000 	C:\windows\SYSTEM32\DBGHELP.DLL
0x00007ffd77890000 - 0x00007ffd77c1f000 	C:\windows\System32\combase.dll
0x00007ffd76ff0000 - 0x00007ffd770c7000 	C:\windows\System32\OLEAUT32.dll
0x00007ffd5cef0000 - 0x00007ffd5cf22000 	C:\windows\SYSTEM32\dbgcore.DLL
0x00007ffd75ea0000 - 0x00007ffd75f1b000 	C:\windows\System32\bcryptPrimitives.dll
0x00007ffd2dc60000 - 0x00007ffd2dc85000 	C:\Program Files\Java\jdk-17\bin\java.dll
0x00007ffcfe230000 - 0x00007ffcfe307000 	C:\Program Files\Java\jdk-17\bin\jsvml.dll
0x00007ffd77e20000 - 0x00007ffd78698000 	C:\windows\System32\SHELL32.dll
0x00007ffd73a60000 - 0x00007ffd74368000 	C:\windows\SYSTEM32\windows.storage.dll
0x00007ffd73920000 - 0x00007ffd73a5f000 	C:\windows\SYSTEM32\wintypes.dll
0x00007ffd77350000 - 0x00007ffd7744a000 	C:\windows\System32\SHCORE.dll
0x00007ffd769c0000 - 0x00007ffd76a1e000 	C:\windows\System32\shlwapi.dll
0x00007ffd75aa0000 - 0x00007ffd75acb000 	C:\windows\SYSTEM32\profapi.dll
0x00007ffd27e80000 - 0x00007ffd27e99000 	C:\Program Files\Java\jdk-17\bin\net.dll
0x00007ffd71340000 - 0x00007ffd71476000 	C:\windows\SYSTEM32\WINHTTP.dll
0x00007ffd75080000 - 0x00007ffd750e9000 	C:\windows\system32\mswsock.dll
0x00007ffd257d0000 - 0x00007ffd257e6000 	C:\Program Files\Java\jdk-17\bin\nio.dll
0x00007ffd257b0000 - 0x00007ffd257c8000 	C:\Program Files\Java\jdk-17\bin\zip.dll
0x00007ffd47b20000 - 0x00007ffd47b2a000 	C:\Program Files\Java\jdk-17\bin\management.dll
0x00007ffd479d0000 - 0x00007ffd479db000 	C:\Program Files\Java\jdk-17\bin\management_ext.dll
0x00007ffd560a0000 - 0x00007ffd560b7000 	C:\windows\system32\napinsp.dll
0x00007ffd55ed0000 - 0x00007ffd55eeb000 	C:\windows\system32\pnrpnsp.dll
0x00007ffd74600000 - 0x00007ffd74702000 	C:\windows\SYSTEM32\DNSAPI.dll
0x00007ffd745d0000 - 0x00007ffd745fd000 	C:\windows\SYSTEM32\IPHLPAPI.DLL
0x00007ffd76a20000 - 0x00007ffd76a29000 	C:\windows\System32\NSI.dll
0x00007ffd55ba0000 - 0x00007ffd55bb1000 	C:\windows\System32\winrnr.dll
0x00007ffd70060000 - 0x00007ffd70075000 	C:\windows\system32\wshbth.dll
0x00007ffd55b70000 - 0x00007ffd55b97000 	C:\windows\system32\nlansp_c.dll
0x00000000691e0000 - 0x0000000069215000 	C:\Program Files\Bonjour\mdnsNSP.dll
0x00007ffd703a0000 - 0x00007ffd703aa000 	C:\Windows\System32\rasadhlp.dll
0x00007ffd6ffd0000 - 0x00007ffd70053000 	C:\windows\System32\fwpuclnt.dll
0x00007ffd752f0000 - 0x00007ffd7530b000 	C:\windows\SYSTEM32\CRYPTSP.dll
0x00007ffd74ae0000 - 0x00007ffd74b15000 	C:\windows\system32\rsaenh.dll
0x00007ffd75170000 - 0x00007ffd75198000 	C:\windows\SYSTEM32\USERENV.dll
0x00007ffd75310000 - 0x00007ffd7531c000 	C:\windows\SYSTEM32\CRYPTBASE.dll
0x00007ffd71210000 - 0x00007ffd71229000 	C:\windows\SYSTEM32\dhcpcsvc6.DLL
0x00007ffd71060000 - 0x00007ffd7107f000 	C:\windows\SYSTEM32\dhcpcsvc.DLL

dbghelp: loaded successfully - version: 4.0.5 - missing functions: none
symbol engine: initialized successfully - sym options: 0x614 - pdb path: .;C:\Program Files\Java\jdk-17\bin;C:\windows\SYSTEM32;C:\windows\WinSxS\amd64_microsoft.windows.common-controls_6595b64144ccf1df_6.0.22621.4541_none_2710d1c57384c085;C:\Program Files\Java\jdk-17\bin\server;C:\Program Files\Bonjour

VM Arguments:
jvm_args: -Dcom.sun.management.jmxremote -Dcom.sun.management.jmxremote.port=55208 -Dcom.sun.management.jmxremote.authenticate=false -Dcom.sun.management.jmxremote.ssl=false -Djava.rmi.server.hostname=localhost -Dspring.jmx.enabled=true -Dmanagement.endpoints.jmx.exposure.include=* -Dspring.application.admin.enabled=true -XX:TieredStopAtLevel=1 -Dspring.boot.project.name=MiniProject1 -Dfile.encoding=UTF-8 -Dstdout.encoding=UTF-8 -Dstderr.encoding=UTF-8 -XX:+ShowCodeDetailsInExceptionMessages 
java_command: com.sarkar.MiniProject1Application --spring.output.ansi.enabled=always
java_class_path (initial): C:\Users\Jyoti\OneDrive\Desktop\New folder\MiniProject1-Counsellor-Portal\target\classes;C:\Users\Jyoti\.m2\repository\org\springframework\boot\spring-boot-starter-data-jpa\3.3.5\spring-boot-starter-data-jpa-3.3.5.jar;C:\Users\Jyoti\.m2\repository\org\springframework\boot\spring-boot-starter-aop\3.3.5\spring-boot-starter-aop-3.3.5.jar;C:\Users\Jyoti\.m2\repository\org\springframework\spring-aop\6.1.14\spring-aop-6.1.14.jar;C:\Users\Jyoti\.m2\repository\org\aspectj\aspectjweaver\1.9.22.1\aspectjweaver-1.9.22.1.jar;C:\Users\Jyoti\.m2\repository\org\springframework\boot\spring-boot-starter-jdbc\3.3.5\spring-boot-starter-jdbc-3.3.5.jar;C:\Users\Jyoti\.m2\repository\com\zaxxer\HikariCP\5.1.0\HikariCP-5.1.0.jar;C:\Users\Jyoti\.m2\repository\org\springframework\spring-jdbc\6.1.14\spring-jdbc-6.1.14.jar;C:\Users\Jyoti\.m2\repository\org\hibernate\orm\hibernate-core\6.5.3.Final\hibernate-core-6.5.3.Final.jar;C:\Users\Jyoti\.m2\repository\jakarta\persistence\jakarta.persistence-api\3.1.0\jakarta.persistence-api-3.1.0.jar;C:\Users\Jyoti\.m2\repository\jakarta\transaction\jakarta.transaction-api\2.0.1\jakarta.transaction-api-2.0.1.jar;C:\Users\Jyoti\.m2\repository\org\jboss\logging\jboss-logging\3.5.3.Final\jboss-logging-3.5.3.Final.jar;C:\Users\Jyoti\.m2\repository\org\hibernate\common\hibernate-commons-annotations\6.0.6.Final\hibernate-commons-annotations-6.0.6.Final.jar;C:\Users\Jyoti\.m2\repository\io\smallrye\jandex\3.1.2\jandex-3.1.2.jar;C:\Users\Jyoti\.m2\repository\com\fasterxml\classmate\1.7.0\classmate-1.7.0.jar;C:\Users\Jyoti\.m2\repository\net\bytebuddy\byte-buddy\1.14.19\byte-buddy-1.14.19.jar;C:\Users\Jyoti\.m2\repository\org\glassfish\jaxb\jaxb-runtime\4.0.5\jaxb-runtime-4.0.5.jar;C:\Users\Jyoti\.m2\repository\org\glassfish\jaxb\jaxb-core\4.0.5\jaxb-core-4.0.5.jar;C:\Users\Jyoti\.m2\repository\org\eclipse\angus\angus-activation\2.0.2\angus-activation-2.0.2.jar;C:\Users\Jyoti\.m2\repository\org\glassfish\jaxb\txw2\4.0.5\txw2-4.0.5.jar;
Launcher Type: SUN_STANDARD

[Global flags]
     intx CICompilerCount                          = 4                                         {product} {ergonomic}
     uint ConcGCThreads                            = 3                                         {product} {ergonomic}
     uint G1ConcRefinementThreads                  = 10                                        {product} {ergonomic}
   size_t G1HeapRegionSize                         = 1048576                                   {product} {ergonomic}
    uintx GCDrainStackTargetSize                   = 64                                        {product} {ergonomic}
   size_t InitialHeapSize                          = 56623104                                  {product} {ergonomic}
     bool ManagementServer                         = true                                      {product} {command line}
   size_t MarkStackSize                            = 4194304                                   {product} {ergonomic}
   size_t MaxHeapSize                              = 899678208                                 {product} {ergonomic}
   size_t MaxNewSize                               = 538968064                                 {product} {ergonomic}
   size_t MinHeapDeltaBytes                        = 1048576                                   {product} {ergonomic}
   size_t MinHeapSize                              = 8388608                                   {product} {ergonomic}
    uintx NonProfiledCodeHeapSize                  = 0                                      {pd product} {ergonomic}
     bool ProfileInterpreter                       = false                                  {pd product} {command line}
    uintx ProfiledCodeHeapSize                     = 0                                      {pd product} {ergonomic}
     bool ShowCodeDetailsInExceptionMessages       = true                                   {manageable} {command line}
   size_t SoftMaxHeapSize                          = 899678208                              {manageable} {ergonomic}
     intx TieredStopAtLevel                        = 1                                         {product} {command line}
     bool UseCompressedClassPointers               = true                           {product lp64_product} {ergonomic}
     bool UseCompressedOops                        = true                           {product lp64_product} {ergonomic}
     bool UseG1GC                                  = true                                      {product} {ergonomic}
     bool UseLargePagesIndividualAllocation        = false                                  {pd product} {ergonomic}

Logging:
Log output configuration:
 #0: stdout all=warning uptime,level,tags
 #1: stderr all=off uptime,level,tags

Environment Variables:
PATH=C:/Users/Jyoti/Downloads/sts-4.27.0.RELEASE//plugins/org.eclipse.justj.openjdk.hotspot.jre.full.win32.x86_64_21.0.5.v20241023-1957/jre/bin/server;C:/Users/Jyoti/Downloads/sts-4.27.0.RELEASE//plugins/org.eclipse.justj.openjdk.hotspot.jre.full.win32.x86_64_21.0.5.v20241023-1957/jre/bin;C:\Program Files\Common Files\Oracle\Java\javapath;C:\windows\system32;C:\windows;C:\windows\System32\Wbem;C:\windows\System32\WindowsPowerShell\v1.0\;C:\windows\System32\OpenSSH\;C:\Program Files\Java\jdk-20\bin;C:\Program Files\dotnet\;C:\Program Files\MySQL\MySQL Server 8.0\bin;C:\Program Files\Git\cmd;C:\Program Files\MySQL\MySQL Shell 8.0\bin\;C:\Users\Jyoti\AppData\Local\Microsoft\WindowsApps;;C:\Users\Jyoti\AppData\Local\Programs\Microsoft VS Code\bin;C:\Users\Jyoti\.dotnet\tools;C:\Users\Jyoti\Downloads\sts-4.27.0.RELEASE;
USERNAME=Jyoti
OS=Windows_NT
PROCESSOR_IDENTIFIER=AMD64 Family 25 Model 80 Stepping 0, AuthenticAMD



---------------  S Y S T E M  ---------------

OS:
 Windows 11 , 64 bit Build 22621 (10.0.22621.4391)
OS uptime: 9 days 16:40 hours
Hyper-V role detected

CPU: total 12 (initial active 12) (12 cores per cpu, 2 threads per core) family 25 model 80 stepping 0 microcode 0x0, cx8, cmov, fxsr, ht, mmx, 3dnowpref, sse, sse2, sse3, ssse3, sse4a, sse4.1, sse4.2, popcnt, lzcnt, tsc, tscinvbit, avx, avx2, aes, erms, clmul, bmi1, bmi2, adx, sha, fma, vzeroupper, clflush, clflushopt, hv

Memory: 4k page, system-wide physical 3424M (211M free)
TotalPageFile size 14176M (AvailPageFile size 0M)
current process WorkingSet (physical memory assigned to process): 99M, peak: 99M
current process commit charge ("private bytes"): 165M, peak: 165M

vm_info: Java HotSpot(TM) 64-Bit Server VM (17.0.10+11-LTS-240) for windows-amd64 JRE (17.0.10+11-LTS-240), built on Dec 19 2023 21:47:25 by "mach5one" with MS VC++ 17.1 (VS2022)

END.
